
2016-05-10 08:40:22...installerHook: Could not find custom/install/install_hooks.php
2016-05-10 08:41:23...installerHook: Could not find custom/install/install_hooks.php
2016-05-10 08:41:41...installerHook: Could not find custom/install/install_hooks.php
2016-05-10 08:41:47...Begin System Check Process *************
2016-05-10 08:41:47...XML Parsing Support Found
2016-05-10 08:41:47...MBString Support Found
2016-05-10 08:41:47...ZIP Support Found
2016-05-10 08:41:47.../custom directory and subdirectory check passed
2016-05-10 08:41:47...cache directory and subdirectory check passed
2016-05-10 08:41:48.../module  directory and subdirectory check passed
2016-05-10 08:41:48.../upload directory check passed
2016-05-10 08:41:48.../zip check passed
2016-05-10 08:41:48...PCRE version check passed
2016-05-10 08:41:48...installerHook: Could not find custom/install/install_hooks.php
2016-05-10 08:41:48...php.ini location found. C:\xampp\php\php.ini
2016-05-10 08:41:48...Outputting HTML for System check
2016-05-10 08:41:48...No Errors were found *************
2016-05-10 08:41:48...installerHook: Could not find custom/install/install_hooks.php
2016-05-10 08:41:51...installerHook: Could not find custom/install/install_hooks.php
2016-05-10 08:43:01...Begin DB Check Process *************
2016-05-10 08:43:01...testing with mysql:mysqli
2016-05-10 08:43:01...Basic form info is valid, continuing Process.
2016-05-10 08:43:01...Testing user account...
2016-05-10 08:43:01...Connection made using  host: localhost, usr: root
2016-05-10 08:43:01...Testing priviliged account...
2016-05-10 08:43:01...Connection made using  host: localhost, usr: root
2016-05-10 08:43:01...DB not selected, will create suitecrm
2016-05-10 08:43:01...Passed DB install check
2016-05-10 08:43:01...SUCCESS:: no errors detected!
2016-05-10 08:43:01...End DB Check Process *************
2016-05-10 08:43:01...installerHook: Could not find custom/install/install_hooks.php
2016-05-10 08:43:01...calling handleSugarConfig()
2016-05-10 08:43:01...calling handleHtaccess()
2016-05-10 08:43:01...calling handleDbCreateDatabase()
2016-05-10 08:43:01...looping through all the Beans and create their tables
2016-05-10 08:43:01...processing table acl_actions
2016-05-10 08:43:02...creating table acl_actions
2016-05-10 08:43:02...creating Relationship Meta for ACLAction
2016-05-10 08:43:02...processing table acl_roles
2016-05-10 08:43:02...creating table acl_roles
2016-05-10 08:43:02...creating Relationship Meta for ACLRole
2016-05-10 08:43:02...processing table relationships
2016-05-10 08:43:03...creating table relationships
2016-05-10 08:43:03...creating Relationship Meta for Relationship
2016-05-10 08:43:03...processing table leads
2016-05-10 08:43:04...creating table leads
2016-05-10 08:43:04...creating Relationship Meta for Lead
2016-05-10 08:43:04...processing table cases
2016-05-10 08:43:05...creating table cases
2016-05-10 08:43:05...creating Relationship Meta for Case
2016-05-10 08:43:05...processing table bugs
2016-05-10 08:43:06...creating table bugs
2016-05-10 08:43:06...creating Relationship Meta for Bug
2016-05-10 08:43:06...processing table users
2016-05-10 08:43:07...creating table users
2016-05-10 08:43:07...creating Relationship Meta for User
2016-05-10 08:43:07...processing table campaign_log
2016-05-10 08:43:08...creating table campaign_log
2016-05-10 08:43:08...creating Relationship Meta for CampaignLog
2016-05-10 08:43:08...processing table project
2016-05-10 08:43:08...creating table project
2016-05-10 08:43:08...creating Relationship Meta for Project
2016-05-10 08:43:09...processing table project_task
2016-05-10 08:43:10...creating table project_task
2016-05-10 08:43:10...creating Relationship Meta for ProjectTask
2016-05-10 08:43:10...processing table campaigns
2016-05-10 08:43:11...creating table campaigns
2016-05-10 08:43:11...creating Relationship Meta for Campaign
2016-05-10 08:43:12...processing table prospect_lists
2016-05-10 08:43:14...creating table prospect_lists
2016-05-10 08:43:14...creating Relationship Meta for ProspectList
2016-05-10 08:43:14...processing table prospects
2016-05-10 08:43:15...creating table prospects
2016-05-10 08:43:15...creating Relationship Meta for Prospect
2016-05-10 08:43:16...processing table email_marketing
2016-05-10 08:43:16...creating table email_marketing
2016-05-10 08:43:16...creating Relationship Meta for EmailMarketing
2016-05-10 08:43:16...processing table campaign_trkrs
2016-05-10 08:43:16...creating table campaign_trkrs
2016-05-10 08:43:16...creating Relationship Meta for CampaignTracker
2016-05-10 08:43:17...processing table releases
2016-05-10 08:43:17...creating table releases
2016-05-10 08:43:17...creating Relationship Meta for Release
2016-05-10 08:43:17...processing table emailman
2016-05-10 08:43:17...creating table emailman
2016-05-10 08:43:17...creating Relationship Meta for EmailMan
2016-05-10 08:43:17...processing table schedulers
2016-05-10 08:43:17...creating table schedulers
2016-05-10 08:43:17...creating Relationship Meta for Scheduler
2016-05-10 08:43:17...processing table job_queue
2016-05-10 08:43:17...creating table job_queue
2016-05-10 08:43:17...creating Relationship Meta for SchedulersJob
2016-05-10 08:43:18...processing table contacts
2016-05-10 08:43:18...creating table contacts
2016-05-10 08:43:18...creating Relationship Meta for Contact
2016-05-10 08:43:19...processing table accounts
2016-05-10 08:43:21...creating table accounts
2016-05-10 08:43:21...creating Relationship Meta for Account
2016-05-10 08:43:22...processing table opportunities
2016-05-10 08:43:22...creating table opportunities
2016-05-10 08:43:22...creating Relationship Meta for Opportunity
2016-05-10 08:43:23...processing table email_templates
2016-05-10 08:43:23...creating table email_templates
2016-05-10 08:43:23...creating Relationship Meta for EmailTemplate
2016-05-10 08:43:24...processing table notes
2016-05-10 08:43:24...creating table notes
2016-05-10 08:43:24...creating Relationship Meta for Note
2016-05-10 08:43:24...processing table calls
2016-05-10 08:43:25...creating table calls
2016-05-10 08:43:25...creating Relationship Meta for Call
2016-05-10 08:43:26...processing table emails
2016-05-10 08:43:27...creating table emails
2016-05-10 08:43:27...creating Relationship Meta for Email
2016-05-10 08:43:27...processing table meetings
2016-05-10 08:43:27...creating table meetings
2016-05-10 08:43:27...creating Relationship Meta for Meeting
2016-05-10 08:43:27...processing table tasks
2016-05-10 08:43:28...creating table tasks
2016-05-10 08:43:28...creating Relationship Meta for Task
2016-05-10 08:43:28...processing table users
2016-05-10 08:43:28...processing table users
2016-05-10 08:43:28...processing table currencies
2016-05-10 08:43:29...creating table currencies
2016-05-10 08:43:29...creating Relationship Meta for Currency
2016-05-10 08:43:29...processing table tracker
2016-05-10 08:43:29...creating table tracker
2016-05-10 08:43:29...creating Relationship Meta for Tracker
2016-05-10 08:43:29...processing table import_maps
2016-05-10 08:43:29...creating table import_maps
2016-05-10 08:43:29...creating Relationship Meta for ImportMap
2016-05-10 08:43:29...processing table users_last_import
2016-05-10 08:43:29...creating table users_last_import
2016-05-10 08:43:29...creating Relationship Meta for UsersLastImport
2016-05-10 08:43:29...processing table config
2016-05-10 08:43:30...creating table config
2016-05-10 08:43:30...creating Relationship Meta for Administration
2016-05-10 08:43:30...processing table upgrade_history
2016-05-10 08:43:30...creating table upgrade_history
2016-05-10 08:43:30...creating Relationship Meta for UpgradeHistory
2016-05-10 08:43:30...processing table vcals
2016-05-10 08:43:30...creating table vcals
2016-05-10 08:43:30...creating Relationship Meta for vCal
2016-05-10 08:43:30...processing table alerts
2016-05-10 08:43:31...creating table alerts
2016-05-10 08:43:31...creating Relationship Meta for Alert
2016-05-10 08:43:31...processing table roles
2016-05-10 08:43:31...creating table roles
2016-05-10 08:43:31...creating Relationship Meta for Role
2016-05-10 08:43:31...processing table documents
2016-05-10 08:43:32...creating table documents
2016-05-10 08:43:32...creating Relationship Meta for Document
2016-05-10 08:43:32...processing table document_revisions
2016-05-10 08:43:32...creating table document_revisions
2016-05-10 08:43:32...creating Relationship Meta for DocumentRevision
2016-05-10 08:43:32...processing table fields_meta_data
2016-05-10 08:43:32...creating table fields_meta_data
2016-05-10 08:43:32...creating Relationship Meta for FieldsMetaData
2016-05-10 08:43:32...processing table inbound_email
2016-05-10 08:43:34...creating table inbound_email
2016-05-10 08:43:34...creating Relationship Meta for InboundEmail
2016-05-10 08:43:35...processing table saved_search
2016-05-10 08:43:35...creating table saved_search
2016-05-10 08:43:35...creating Relationship Meta for SavedSearch
2016-05-10 08:43:35...processing table user_preferences
2016-05-10 08:43:35...creating table user_preferences
2016-05-10 08:43:35...creating Relationship Meta for UserPreference
2016-05-10 08:43:35...processing table 
2016-05-10 08:43:35...processing table email_addresses
2016-05-10 08:43:36...creating table email_addresses
2016-05-10 08:43:36...creating Relationship Meta for EmailAddress
2016-05-10 08:43:36...processing table emails_text
2016-05-10 08:43:36...creating table emails_text
2016-05-10 08:43:36...creating Relationship Meta for EmailText
2016-05-10 08:43:36...processing table sugarfeed
2016-05-10 08:43:36...creating table sugarfeed
2016-05-10 08:43:36...creating Relationship Meta for SugarFeed
2016-05-10 08:43:36...processing table eapm
2016-05-10 08:43:37...creating table eapm
2016-05-10 08:43:37...creating Relationship Meta for EAPM
2016-05-10 08:43:37...processing table oauth_consumer
2016-05-10 08:43:37...creating table oauth_consumer
2016-05-10 08:43:37...creating Relationship Meta for OAuthKey
2016-05-10 08:43:37...processing table oauth_tokens
2016-05-10 08:43:37...creating table oauth_tokens
2016-05-10 08:43:37...creating Relationship Meta for OAuthToken
2016-05-10 08:43:37...processing table am_projecttemplates
2016-05-10 08:43:38...creating table am_projecttemplates
2016-05-10 08:43:38...creating Relationship Meta for AM_ProjectTemplates
2016-05-10 08:43:38...processing table am_tasktemplates
2016-05-10 08:43:39...creating table am_tasktemplates
2016-05-10 08:43:39...creating Relationship Meta for AM_TaskTemplates
2016-05-10 08:43:39...processing table favorites
2016-05-10 08:43:41...creating table favorites
2016-05-10 08:43:41...creating Relationship Meta for Favorites
2016-05-10 08:43:41...processing table aok_knowledge_base_categories
2016-05-10 08:43:42...creating table aok_knowledge_base_categories
2016-05-10 08:43:42...creating Relationship Meta for AOK_Knowledge_Base_Categories
2016-05-10 08:43:42...processing table aok_knowledgebase
2016-05-10 08:43:43...creating table aok_knowledgebase
2016-05-10 08:43:43...creating Relationship Meta for AOK_KnowledgeBase
2016-05-10 08:43:43...processing table reminders
2016-05-10 08:43:44...creating table reminders
2016-05-10 08:43:44...creating Relationship Meta for Reminder
2016-05-10 08:43:44...processing table reminders_invitees
2016-05-10 08:43:45...creating table reminders_invitees
2016-05-10 08:43:45...creating Relationship Meta for Reminder_Invitee
2016-05-10 08:43:45...processing table fp_events
2016-05-10 08:43:46...creating table fp_events
2016-05-10 08:43:46...creating Relationship Meta for FP_events
2016-05-10 08:43:46...processing table fp_event_locations
2016-05-10 08:43:47...creating table fp_event_locations
2016-05-10 08:43:47...creating Relationship Meta for FP_Event_Locations
2016-05-10 08:43:47...processing table aod_indexevent
2016-05-10 08:43:48...creating table aod_indexevent
2016-05-10 08:43:48...creating Relationship Meta for AOD_IndexEvent
2016-05-10 08:43:48...processing table aod_index
2016-05-10 08:43:49...creating table aod_index
2016-05-10 08:43:49...creating Relationship Meta for AOD_Index
2016-05-10 08:43:49...processing table aop_case_events
2016-05-10 08:43:50...creating table aop_case_events
2016-05-10 08:43:50...creating Relationship Meta for AOP_Case_Events
2016-05-10 08:43:50...processing table aop_case_updates
2016-05-10 08:43:51...creating table aop_case_updates
2016-05-10 08:43:51...creating Relationship Meta for AOP_Case_Updates
2016-05-10 08:43:51...processing table aor_reports
2016-05-10 08:43:52...creating table aor_reports
2016-05-10 08:43:52...creating Relationship Meta for AOR_Report
2016-05-10 08:43:53...processing table aor_fields
2016-05-10 08:43:53...creating table aor_fields
2016-05-10 08:43:53...creating Relationship Meta for AOR_Field
2016-05-10 08:43:53...processing table aor_charts
2016-05-10 08:43:53...creating table aor_charts
2016-05-10 08:43:53...creating Relationship Meta for AOR_Chart
2016-05-10 08:43:53...processing table aor_conditions
2016-05-10 08:43:54...creating table aor_conditions
2016-05-10 08:43:54...creating Relationship Meta for AOR_Condition
2016-05-10 08:43:54...processing table aor_scheduled_reports
2016-05-10 08:43:54...creating table aor_scheduled_reports
2016-05-10 08:43:54...creating Relationship Meta for AOR_Scheduled_Reports
2016-05-10 08:43:54...processing table aos_contracts
2016-05-10 08:43:55...creating table aos_contracts
2016-05-10 08:43:55...creating Relationship Meta for AOS_Contracts
2016-05-10 08:43:55...processing table aos_invoices
2016-05-10 08:43:57...creating table aos_invoices
2016-05-10 08:43:57...creating Relationship Meta for AOS_Invoices
2016-05-10 08:43:57...processing table aos_pdf_templates
2016-05-10 08:43:58...creating table aos_pdf_templates
2016-05-10 08:43:58...creating Relationship Meta for AOS_PDF_Templates
2016-05-10 08:43:58...processing table aos_product_categories
2016-05-10 08:43:58...creating table aos_product_categories
2016-05-10 08:43:58...creating Relationship Meta for AOS_Product_Categories
2016-05-10 08:43:59...processing table aos_products
2016-05-10 08:44:00...creating table aos_products
2016-05-10 08:44:00...creating Relationship Meta for AOS_Products
2016-05-10 08:44:00...processing table aos_products_quotes
2016-05-10 08:44:01...creating table aos_products_quotes
2016-05-10 08:44:01...creating Relationship Meta for AOS_Products_Quotes
2016-05-10 08:44:01...processing table aos_line_item_groups
2016-05-10 08:44:01...creating table aos_line_item_groups
2016-05-10 08:44:01...creating Relationship Meta for AOS_Line_Item_Groups
2016-05-10 08:44:01...processing table aos_quotes
2016-05-10 08:44:02...creating table aos_quotes
2016-05-10 08:44:02...creating Relationship Meta for AOS_Quotes
2016-05-10 08:44:02...processing table aow_actions
2016-05-10 08:44:03...creating table aow_actions
2016-05-10 08:44:03...creating Relationship Meta for AOW_Action
2016-05-10 08:44:03...processing table aow_workflow
2016-05-10 08:44:04...creating table aow_workflow
2016-05-10 08:44:04...creating Relationship Meta for AOW_WorkFlow
2016-05-10 08:44:04...processing table aow_processed
2016-05-10 08:44:06...creating table aow_processed
2016-05-10 08:44:06...creating Relationship Meta for AOW_Processed
2016-05-10 08:44:06...processing table aow_conditions
2016-05-10 08:44:06...creating table aow_conditions
2016-05-10 08:44:06...creating Relationship Meta for AOW_Condition
2016-05-10 08:44:06...processing table jjwg_maps
2016-05-10 08:44:07...creating table jjwg_maps
2016-05-10 08:44:07...creating Relationship Meta for jjwg_Maps
2016-05-10 08:44:07...processing table jjwg_markers
2016-05-10 08:44:08...creating table jjwg_markers
2016-05-10 08:44:08...creating Relationship Meta for jjwg_Markers
2016-05-10 08:44:08...processing table jjwg_areas
2016-05-10 08:44:09...creating table jjwg_areas
2016-05-10 08:44:09...creating Relationship Meta for jjwg_Areas
2016-05-10 08:44:09...processing table jjwg_address_cache
2016-05-10 08:44:11...creating table jjwg_address_cache
2016-05-10 08:44:11...creating Relationship Meta for jjwg_Address_Cache
2016-05-10 08:44:11...processing table calls_reschedule
2016-05-10 08:44:11...creating table calls_reschedule
2016-05-10 08:44:11...creating Relationship Meta for Calls_Reschedule
2016-05-10 08:44:11...processing table securitygroups
2016-05-10 08:44:12...creating table securitygroups
2016-05-10 08:44:12...creating Relationship Meta for SecurityGroup
2016-05-10 08:44:12...processing table outbound_email
2016-05-10 08:44:13...creating table outbound_email
2016-05-10 08:44:13...creating Relationship Meta for OutboundEmailAccounts
2016-05-10 08:44:13...processing table templatesectionline
2016-05-10 08:44:14...creating table templatesectionline
2016-05-10 08:44:14...creating Relationship Meta for TemplateSectionLine
2016-05-10 08:44:42...Begin creating Defaults
2016-05-10 08:44:42...insert defaults into config table
2016-05-10 08:44:42...Creating default users
2016-05-10 08:44:43...Creating default scheduler jobs
2016-05-10 08:44:44...Enable SugarFeeds
2016-05-10 08:44:44...Installation has completed *********
2016-05-10 08:45:20...populating the db with seed data
2016-05-10 08:49:38...Save configuration settings..
2016-05-10 08:49:38...save locale
2016-05-10 08:49:38...new Administration
2016-05-10 08:49:38...retrieveSettings
2016-05-10 08:49:38...AdminWizard OFF
2016-05-10 08:49:38...saveConfig
2016-05-10 08:49:38...new Configurator
2016-05-10 08:49:38...populateFromPost
2016-05-10 08:49:38...handleOverride
2016-05-10 08:49:38...saveConfig
2016-05-10 08:49:38...new Currency
2016-05-10 08:49:38...retrieve
2016-05-10 08:49:38...DBG: save currency
2016-05-10 08:49:38...Save user settings..
2016-05-10 08:49:38...DBG: SugarThemeRegistry::getDefault
2016-05-10 08:49:38...DBG: require modules/Users/Save.php
2016-05-10 08:51:15...installerHook: Could not find custom/install/install_hooks.php